{
  "stats": {
    "suites": 3,
    "tests": 6,
    "passes": 0,
    "pending": 0,
    "failures": 6,
    "start": "2021-06-30T20:33:48.133Z",
    "end": "2021-06-30T20:34:17.212Z",
    "duration": 29079,
    "testsRegistered": 6,
    "passPercent": 0,
    "pendingPercent": 0,
    "other": 0,
    "hasOther": false,
    "skipped": 0,
    "hasSkipped": false
  },
  "results": [
    {
      "uuid": "f27deb07-6c13-4fe6-8de4-9dce4914093b",
      "title": "",
      "fullFile": "cypress/integration/explore_by_ingredient_spec.js",
      "file": "cypress/integration/explore_by_ingredient_spec.js",
      "beforeHooks": [],
      "afterHooks": [],
      "tests": [],
      "suites": [
        {
          "uuid": "e6eb0f15-4408-4761-bae4-2302e4d720d3",
          "title": "75 - Implemente os elementos da tela de explorar ingredientes respeitando os atributos descritos no protótipo",
          "fullFile": "",
          "file": "",
          "beforeHooks": [],
          "afterHooks": [],
          "tests": [
            {
              "title": "Tem os data-testids corretos para a tela de explorar comidas por ingredientes",
              "fullTitle": "75 - Implemente os elementos da tela de explorar ingredientes respeitando os atributos descritos no protótipo Tem os data-testids corretos para a tela de explorar comidas por ingredientes",
              "timedOut": null,
              "duration": 11113,
              "state": "failed",
              "speed": null,
              "pass": false,
              "fail": true,
              "pending": false,
              "context": null,
              "code": "cy.visit('http://localhost:3000/explorar/comidas/ingredientes');\nfor (var index = 0; index < 12; index += 1) {\n  cy.get(\"[data-testid=\\\"\".concat(index, \"-ingredient-card\\\"]\"));\n  cy.get(\"[data-testid=\\\"\".concat(index, \"-card-img\\\"]\"));\n  cy.get(\"[data-testid=\\\"\".concat(index, \"-card-name\\\"]\"));\n}\ncy.get('[data-testid=\"12-card\"]').should('not.exist');\ncy.get('[data-testid=\"12-card-img\"]').should('not.exist');\ncy.get('[data-testid=\"12-card-name\"]').should('not.exist');",
              "err": {
                "message": "CypressError: Timed out retrying: Expected to find element: '[data-testid=\"0-ingredient-card\"]', but never found it.",
                "estack": "CypressError: Timed out retrying: Expected to find element: '[data-testid=\"0-ingredient-card\"]', but never found it.\n    at Object.cypressErr (http://localhost:3000/__cypress/runner/cypress_runner.js:86207:11)\n    at Object.throwErr (http://localhost:3000/__cypress/runner/cypress_runner.js:86162:18)\n    at Object.throwErrByPath (http://localhost:3000/__cypress/runner/cypress_runner.js:86194:17)\n    at retry (http://localhost:3000/__cypress/runner/cypress_runner.js:76849:16)\n    at onFailFn (http://localhost:3000/__cypress/runner/cypress_runner.js:65634:16)\n    at tryCatcher (http://localhost:3000/__cypress/runner/cypress_runner.js:120203:23)\n    at Promise._settlePromiseFromHandler (http://localhost:3000/__cypress/runner/cypress_runner.js:118139:31)\n    at Promise._settlePromise (http://localhost:3000/__cypress/runner/cypress_runner.js:118196:18)\n    at Promise._settlePromise0 (http://localhost:3000/__cypress/runner/cypress_runner.js:118241:10)\n    at Promise._settlePromises (http://localhost:3000/__cypress/runner/cypress_runner.js:118316:18)\n    at Async../node_modules/bluebird/js/release/async.js.Async._drainQueue (http://localhost:3000/__cypress/runner/cypress_runner.js:114928:16)\n    at Async../node_modules/bluebird/js/release/async.js.Async._drainQueues (http://localhost:3000/__cypress/runner/cypress_runner.js:114938:10)\n    at Async.drainQueues (http://localhost:3000/__cypress/runner/cypress_runner.js:114812:14)",
                "diff": null
              },
              "uuid": "ce1a5f84-7a6f-4ada-868e-3ea967a9e8d4",
              "parentUUID": "e6eb0f15-4408-4761-bae4-2302e4d720d3",
              "isHook": false,
              "skipped": false
            },
            {
              "title": "Tem os data-testids corretos para a tela de explorar bebidas por ingredientes",
              "fullTitle": "75 - Implemente os elementos da tela de explorar ingredientes respeitando os atributos descritos no protótipo Tem os data-testids corretos para a tela de explorar bebidas por ingredientes",
              "timedOut": null,
              "duration": 11399,
              "state": "failed",
              "speed": null,
              "pass": false,
              "fail": true,
              "pending": false,
              "context": null,
              "code": "cy.visit('http://localhost:3000/explorar/bebidas/ingredientes');\nfor (var index = 0; index < 12; index += 1) {\n  cy.get(\"[data-testid=\\\"\".concat(index, \"-ingredient-card\\\"]\"));\n  cy.get(\"[data-testid=\\\"\".concat(index, \"-card-img\\\"]\"));\n  cy.get(\"[data-testid=\\\"\".concat(index, \"-card-name\\\"]\"));\n}\ncy.get('[data-testid=\"12-recipe-card\"]').should('not.exist');\ncy.get('[data-testid=\"12-card-img\"]').should('not.exist');\ncy.get('[data-testid=\"12-card-name\"]').should('not.exist');",
              "err": {
                "message": "CypressError: Timed out retrying: Expected to find element: '[data-testid=\"0-ingredient-card\"]', but never found it.",
                "estack": "CypressError: Timed out retrying: Expected to find element: '[data-testid=\"0-ingredient-card\"]', but never found it.\n    at Object.cypressErr (http://localhost:3000/__cypress/runner/cypress_runner.js:86207:11)\n    at Object.throwErr (http://localhost:3000/__cypress/runner/cypress_runner.js:86162:18)\n    at Object.throwErrByPath (http://localhost:3000/__cypress/runner/cypress_runner.js:86194:17)\n    at retry (http://localhost:3000/__cypress/runner/cypress_runner.js:76849:16)\n    at onFailFn (http://localhost:3000/__cypress/runner/cypress_runner.js:65634:16)\n    at tryCatcher (http://localhost:3000/__cypress/runner/cypress_runner.js:120203:23)\n    at Promise._settlePromiseFromHandler (http://localhost:3000/__cypress/runner/cypress_runner.js:118139:31)\n    at Promise._settlePromise (http://localhost:3000/__cypress/runner/cypress_runner.js:118196:18)\n    at Promise._settlePromise0 (http://localhost:3000/__cypress/runner/cypress_runner.js:118241:10)\n    at Promise._settlePromises (http://localhost:3000/__cypress/runner/cypress_runner.js:118316:18)\n    at Async../node_modules/bluebird/js/release/async.js.Async._drainQueue (http://localhost:3000/__cypress/runner/cypress_runner.js:114928:16)\n    at Async../node_modules/bluebird/js/release/async.js.Async._drainQueues (http://localhost:3000/__cypress/runner/cypress_runner.js:114938:10)\n    at Async.drainQueues (http://localhost:3000/__cypress/runner/cypress_runner.js:114812:14)",
                "diff": null
              },
              "uuid": "ef01a372-239c-4e9f-95a9-6f594fa7cf9b",
              "parentUUID": "e6eb0f15-4408-4761-bae4-2302e4d720d3",
              "isHook": false,
              "skipped": false
            }
          ],
          "suites": [],
          "passes": [],
          "failures": [
            "ce1a5f84-7a6f-4ada-868e-3ea967a9e8d4",
            "ef01a372-239c-4e9f-95a9-6f594fa7cf9b"
          ],
          "pending": [],
          "skipped": [],
          "duration": 22512,
          "root": false,
          "rootEmpty": false,
          "_timeout": 2000
        },
        {
          "uuid": "0e5f65bb-de0b-4369-a8d6-546bf31e8285",
          "title": "76 - Desenvolva cards para os 12 primeiros ingredientes, de forma que cada card contenha o nome do ingrediente e uma foto",
          "fullFile": "",
          "file": "",
          "beforeHooks": [],
          "afterHooks": [],
          "tests": [
            {
              "title": "Tem o nome e a foto corretos para a tela de explorar comidas por ingredientes",
              "fullTitle": "76 - Desenvolva cards para os 12 primeiros ingredientes, de forma que cada card contenha o nome do ingrediente e uma foto Tem o nome e a foto corretos para a tela de explorar comidas por ingredientes",
              "timedOut": null,
              "duration": 1135,
              "state": "failed",
              "speed": null,
              "pass": false,
              "fail": true,
              "pending": false,
              "context": null,
              "code": "cy.visit('http://localhost:3000/explorar/comidas/ingredientes', {\n  onBeforeLoad: function onBeforeLoad(win) {\n    win.fetch = fetchMock;\n  }\n});\nmealIngredientsMock.meals.slice(0, 12).forEach(function (_ref, index) {\n  var ingredient = _ref.strIngredient;\n  cy.get(\"[data-testid=\\\"\".concat(index, \"-card-img\\\"]\")).should('have.attr', 'src').should('include', \"https://www.themealdb.com/images/ingredients/\".concat(ingredient, \"-Small.png\"));\n  cy.get(\"[data-testid=\\\"\".concat(index, \"-card-name\\\"]\")).contains(ingredient);\n});\ncy.get('[data-testid=\"12-card\"]').should('not.exist');\ncy.get('[data-testid=\"12-card-img\"]').should('not.exist');\ncy.get('[data-testid=\"12-card-name\"]').should('not.exist');",
              "err": {
                "message": "Uncaught TypeError: Cannot read property 'filter' of undefined\n\nThis error originated from your application code, not from Cypress.\n\nWhen Cypress detects uncaught errors originating from your application it will automatically fail the current test.\n\nThis behavior is configurable, and you can choose to turn this off by listening to the 'uncaught:exception' event.\n\nhttps://on.cypress.io/uncaught-exception-from-application",
                "estack": "Uncaught TypeError: Cannot read property 'filter' of undefined\n\nThis error originated from your application code, not from Cypress.\n\nWhen Cypress detects uncaught errors originating from your application it will automatically fail the current test.\n\nThis behavior is configurable, and you can choose to turn this off by listening to the 'uncaught:exception' event.\n\nhttps://on.cypress.io/uncaught-exception-from-application\n    at Table (http://localhost:3000/static/js/main.chunk.js:335:32)\n    at renderWithHooks (http://localhost:3000/static/js/1.chunk.js:19765:22)\n    at updateFunctionComponent (http://localhost:3000/static/js/1.chunk.js:21944:24)\n    at beginWork (http://localhost:3000/static/js/1.chunk.js:23469:20)\n    at HTMLUnknownElement.callCallback (http://localhost:3000/static/js/1.chunk.js:5158:18)\n    at Object.invokeGuardedCallbackDev (http://localhost:3000/static/js/1.chunk.js:5207:20)\n    at invokeGuardedCallback (http://localhost:3000/static/js/1.chunk.js:5260:35)\n    at beginWork$1 (http://localhost:3000/static/js/1.chunk.js:28021:11)\n    at performUnitOfWork (http://localhost:3000/static/js/1.chunk.js:26988:16)\n    at workLoopSync (http://localhost:3000/static/js/1.chunk.js:26961:26)\n    at performSyncWorkOnRoot (http://localhost:3000/static/js/1.chunk.js:26579:13)\n    at http://localhost:3000/static/js/1.chunk.js:16099:28\n    at unstable_runWithPriority (http://localhost:3000/static/js/1.chunk.js:34855:16)\n    at runWithPriority$1 (http://localhost:3000/static/js/1.chunk.js:16045:14)\n    at flushSyncCallbackQueueImpl (http://localhost:3000/static/js/1.chunk.js:16094:11)\n    at flushSyncCallbackQueue (http://localhost:3000/static/js/1.chunk.js:16082:7)\n    at scheduleUpdateOnFiber (http://localhost:3000/static/js/1.chunk.js:26022:13)\n    at dispatchAction (http://localhost:3000/static/js/1.chunk.js:20602:9)\n    at getPlanets (http://localhost:3000/static/js/main.chunk.js:650:5)",
                "diff": null
              },
              "uuid": "d4c3cf03-a386-419b-8ce2-482081bc77b7",
              "parentUUID": "0e5f65bb-de0b-4369-a8d6-546bf31e8285",
              "isHook": false,
              "skipped": false
            },
            {
              "title": "Tem o nome e a foto corretos para a tela de explorar bebidas por ingredientes",
              "fullTitle": "76 - Desenvolva cards para os 12 primeiros ingredientes, de forma que cada card contenha o nome do ingrediente e uma foto Tem o nome e a foto corretos para a tela de explorar bebidas por ingredientes",
              "timedOut": null,
              "duration": 1252,
              "state": "failed",
              "speed": null,
              "pass": false,
              "fail": true,
              "pending": false,
              "context": null,
              "code": "cy.visit('http://localhost:3000/explorar/bebidas/ingredientes', {\n  onBeforeLoad: function onBeforeLoad(win) {\n    win.fetch = fetchMock;\n  }\n});\ndrinkIngredientsMock.drinks.slice(0, 12).forEach(function (_ref2, index) {\n  var ingredient = _ref2.strIngredient1;\n  cy.get(\"[data-testid=\\\"\".concat(index, \"-card-img\\\"]\")).should('have.attr', 'src').should('include', \"https://www.thecocktaildb.com/images/ingredients/\".concat(ingredient, \"-Small.png\"));\n  cy.get(\"[data-testid=\\\"\".concat(index, \"-card-name\\\"]\")).contains(ingredient);\n});\ncy.get('[data-testid=\"12-recipe-card\"]').should('not.exist');\ncy.get('[data-testid=\"12-card-img\"]').should('not.exist');\ncy.get('[data-testid=\"12-card-name\"]').should('not.exist');",
              "err": {
                "message": "Uncaught TypeError: Cannot read property 'filter' of undefined\n\nThis error originated from your application code, not from Cypress.\n\nWhen Cypress detects uncaught errors originating from your application it will automatically fail the current test.\n\nThis behavior is configurable, and you can choose to turn this off by listening to the 'uncaught:exception' event.\n\nhttps://on.cypress.io/uncaught-exception-from-application",
                "estack": "Uncaught TypeError: Cannot read property 'filter' of undefined\n\nThis error originated from your application code, not from Cypress.\n\nWhen Cypress detects uncaught errors originating from your application it will automatically fail the current test.\n\nThis behavior is configurable, and you can choose to turn this off by listening to the 'uncaught:exception' event.\n\nhttps://on.cypress.io/uncaught-exception-from-application\n    at Table (http://localhost:3000/static/js/main.chunk.js:335:32)\n    at renderWithHooks (http://localhost:3000/static/js/1.chunk.js:19765:22)\n    at updateFunctionComponent (http://localhost:3000/static/js/1.chunk.js:21944:24)\n    at beginWork (http://localhost:3000/static/js/1.chunk.js:23469:20)\n    at HTMLUnknownElement.callCallback (http://localhost:3000/static/js/1.chunk.js:5158:18)\n    at Object.invokeGuardedCallbackDev (http://localhost:3000/static/js/1.chunk.js:5207:20)\n    at invokeGuardedCallback (http://localhost:3000/static/js/1.chunk.js:5260:35)\n    at beginWork$1 (http://localhost:3000/static/js/1.chunk.js:28021:11)\n    at performUnitOfWork (http://localhost:3000/static/js/1.chunk.js:26988:16)\n    at workLoopSync (http://localhost:3000/static/js/1.chunk.js:26961:26)\n    at performSyncWorkOnRoot (http://localhost:3000/static/js/1.chunk.js:26579:13)\n    at http://localhost:3000/static/js/1.chunk.js:16099:28\n    at unstable_runWithPriority (http://localhost:3000/static/js/1.chunk.js:34855:16)\n    at runWithPriority$1 (http://localhost:3000/static/js/1.chunk.js:16045:14)\n    at flushSyncCallbackQueueImpl (http://localhost:3000/static/js/1.chunk.js:16094:11)\n    at flushSyncCallbackQueue (http://localhost:3000/static/js/1.chunk.js:16082:7)\n    at scheduleUpdateOnFiber (http://localhost:3000/static/js/1.chunk.js:26022:13)\n    at dispatchAction (http://localhost:3000/static/js/1.chunk.js:20602:9)\n    at getPlanets (http://localhost:3000/static/js/main.chunk.js:650:5)",
                "diff": null
              },
              "uuid": "d31fa3c0-79aa-4994-a8ee-bfb4801d41e6",
              "parentUUID": "0e5f65bb-de0b-4369-a8d6-546bf31e8285",
              "isHook": false,
              "skipped": false
            }
          ],
          "suites": [],
          "passes": [],
          "failures": [
            "d4c3cf03-a386-419b-8ce2-482081bc77b7",
            "d31fa3c0-79aa-4994-a8ee-bfb4801d41e6"
          ],
          "pending": [],
          "skipped": [],
          "duration": 2387,
          "root": false,
          "rootEmpty": false,
          "_timeout": 2000
        },
        {
          "uuid": "743aa095-6335-49cf-8b35-34891e046199",
          "title": "77 -  Redireciona a pessoa usuária ao clicar no card do ingrediente, a rota deve mudar para tela principal de receitas mas mostrando apenas as receitas que contém o ingrediente escolhido",
          "fullFile": "",
          "file": "",
          "beforeHooks": [],
          "afterHooks": [],
          "tests": [
            {
              "title": "Ao clicar no card do ingrediente da tela de explorar comidas por ingrediente a rota muda para a tela principal de receitas filtrada pelo ingrediente",
              "fullTitle": "77 -  Redireciona a pessoa usuária ao clicar no card do ingrediente, a rota deve mudar para tela principal de receitas mas mostrando apenas as receitas que contém o ingrediente escolhido Ao clicar no card do ingrediente da tela de explorar comidas por ingrediente a rota muda para a tela principal de receitas filtrada pelo ingrediente",
              "timedOut": null,
              "duration": 929,
              "state": "failed",
              "speed": null,
              "pass": false,
              "fail": true,
              "pending": false,
              "context": null,
              "code": "cy.visit('http://localhost:3000/explorar/comidas/ingredientes', {\n  onBeforeLoad: function onBeforeLoad(win) {\n    win.fetch = fetchMock;\n  }\n});\ncy.get('[data-testid=\"0-ingredient-card\"]').click();\nmealsByIngredientMock.meals.slice(0, 12).forEach(function (meal, index) {\n  cy.get(\"[data-testid=\\\"\".concat(index, \"-recipe-card\\\"]\"));\n  cy.get(\"[data-testid=\\\"\".concat(index, \"-card-img\\\"]\")).should('have.attr', 'src').should('include', meal['strMealThumb']);\n  cy.get(\"[data-testid=\\\"\".concat(index, \"-card-name\\\"]\")).contains(meal['strMeal']);\n});\ncy.get('[data-testid=\"12-recipe-card\"]').should('not.exist');\ncy.get('[data-testid=\"12-card-img\"]').should('not.exist');\ncy.get('[data-testid=\"12-card-name\"]').should('not.exist');",
              "err": {
                "message": "Uncaught TypeError: Cannot read property 'filter' of undefined\n\nThis error originated from your application code, not from Cypress.\n\nWhen Cypress detects uncaught errors originating from your application it will automatically fail the current test.\n\nThis behavior is configurable, and you can choose to turn this off by listening to the 'uncaught:exception' event.\n\nhttps://on.cypress.io/uncaught-exception-from-application",
                "estack": "Uncaught TypeError: Cannot read property 'filter' of undefined\n\nThis error originated from your application code, not from Cypress.\n\nWhen Cypress detects uncaught errors originating from your application it will automatically fail the current test.\n\nThis behavior is configurable, and you can choose to turn this off by listening to the 'uncaught:exception' event.\n\nhttps://on.cypress.io/uncaught-exception-from-application\n    at Table (http://localhost:3000/static/js/main.chunk.js:335:32)\n    at renderWithHooks (http://localhost:3000/static/js/1.chunk.js:19765:22)\n    at updateFunctionComponent (http://localhost:3000/static/js/1.chunk.js:21944:24)\n    at beginWork (http://localhost:3000/static/js/1.chunk.js:23469:20)\n    at HTMLUnknownElement.callCallback (http://localhost:3000/static/js/1.chunk.js:5158:18)\n    at Object.invokeGuardedCallbackDev (http://localhost:3000/static/js/1.chunk.js:5207:20)\n    at invokeGuardedCallback (http://localhost:3000/static/js/1.chunk.js:5260:35)\n    at beginWork$1 (http://localhost:3000/static/js/1.chunk.js:28021:11)\n    at performUnitOfWork (http://localhost:3000/static/js/1.chunk.js:26988:16)\n    at workLoopSync (http://localhost:3000/static/js/1.chunk.js:26961:26)\n    at performSyncWorkOnRoot (http://localhost:3000/static/js/1.chunk.js:26579:13)\n    at http://localhost:3000/static/js/1.chunk.js:16099:28\n    at unstable_runWithPriority (http://localhost:3000/static/js/1.chunk.js:34855:16)\n    at runWithPriority$1 (http://localhost:3000/static/js/1.chunk.js:16045:14)\n    at flushSyncCallbackQueueImpl (http://localhost:3000/static/js/1.chunk.js:16094:11)\n    at flushSyncCallbackQueue (http://localhost:3000/static/js/1.chunk.js:16082:7)\n    at scheduleUpdateOnFiber (http://localhost:3000/static/js/1.chunk.js:26022:13)\n    at dispatchAction (http://localhost:3000/static/js/1.chunk.js:20602:9)\n    at getPlanets (http://localhost:3000/static/js/main.chunk.js:650:5)",
                "diff": null
              },
              "uuid": "90dc81af-55a8-4e42-94d2-9077064ab500",
              "parentUUID": "743aa095-6335-49cf-8b35-34891e046199",
              "isHook": false,
              "skipped": false
            },
            {
              "title": "Ao clicar no card do ingrediente da tela de explorar bebidas por ingrediente a rota muda para a tela principal de receitas filtrada pelo ingrediente",
              "fullTitle": "77 -  Redireciona a pessoa usuária ao clicar no card do ingrediente, a rota deve mudar para tela principal de receitas mas mostrando apenas as receitas que contém o ingrediente escolhido Ao clicar no card do ingrediente da tela de explorar bebidas por ingrediente a rota muda para a tela principal de receitas filtrada pelo ingrediente",
              "timedOut": null,
              "duration": 1450,
              "state": "failed",
              "speed": null,
              "pass": false,
              "fail": true,
              "pending": false,
              "context": null,
              "code": "cy.visit('http://localhost:3000/explorar/bebidas/ingredientes', {\n  onBeforeLoad: function onBeforeLoad(win) {\n    win.fetch = fetchMock;\n  }\n});\ncy.get('[data-testid=\"0-ingredient-card\"]').click();\ndrinksByIngredientMock.drinks.slice(0, 12).forEach(function (drink, index) {\n  cy.get(\"[data-testid=\\\"\".concat(index, \"-recipe-card\\\"]\"));\n  cy.get(\"[data-testid=\\\"\".concat(index, \"-card-img\\\"]\")).should('have.attr', 'src').should('include', drink['strDrinkThumb']);\n  cy.get(\"[data-testid=\\\"\".concat(index, \"-card-name\\\"]\")).contains(drink['strDrink']);\n});\ncy.get('[data-testid=\"12-recipe-card\"]').should('not.exist');\ncy.get('[data-testid=\"12-card-img\"]').should('not.exist');\ncy.get('[data-testid=\"12-card-name\"]').should('not.exist');",
              "err": {
                "message": "Uncaught TypeError: Cannot read property 'filter' of undefined\n\nThis error originated from your application code, not from Cypress.\n\nWhen Cypress detects uncaught errors originating from your application it will automatically fail the current test.\n\nThis behavior is configurable, and you can choose to turn this off by listening to the 'uncaught:exception' event.\n\nhttps://on.cypress.io/uncaught-exception-from-application",
                "estack": "Uncaught TypeError: Cannot read property 'filter' of undefined\n\nThis error originated from your application code, not from Cypress.\n\nWhen Cypress detects uncaught errors originating from your application it will automatically fail the current test.\n\nThis behavior is configurable, and you can choose to turn this off by listening to the 'uncaught:exception' event.\n\nhttps://on.cypress.io/uncaught-exception-from-application\n    at Table (http://localhost:3000/static/js/main.chunk.js:335:32)\n    at renderWithHooks (http://localhost:3000/static/js/1.chunk.js:19765:22)\n    at updateFunctionComponent (http://localhost:3000/static/js/1.chunk.js:21944:24)\n    at beginWork (http://localhost:3000/static/js/1.chunk.js:23469:20)\n    at HTMLUnknownElement.callCallback (http://localhost:3000/static/js/1.chunk.js:5158:18)\n    at Object.invokeGuardedCallbackDev (http://localhost:3000/static/js/1.chunk.js:5207:20)\n    at invokeGuardedCallback (http://localhost:3000/static/js/1.chunk.js:5260:35)\n    at beginWork$1 (http://localhost:3000/static/js/1.chunk.js:28021:11)\n    at performUnitOfWork (http://localhost:3000/static/js/1.chunk.js:26988:16)\n    at workLoopSync (http://localhost:3000/static/js/1.chunk.js:26961:26)\n    at performSyncWorkOnRoot (http://localhost:3000/static/js/1.chunk.js:26579:13)\n    at http://localhost:3000/static/js/1.chunk.js:16099:28\n    at unstable_runWithPriority (http://localhost:3000/static/js/1.chunk.js:34855:16)\n    at runWithPriority$1 (http://localhost:3000/static/js/1.chunk.js:16045:14)\n    at flushSyncCallbackQueueImpl (http://localhost:3000/static/js/1.chunk.js:16094:11)\n    at flushSyncCallbackQueue (http://localhost:3000/static/js/1.chunk.js:16082:7)\n    at scheduleUpdateOnFiber (http://localhost:3000/static/js/1.chunk.js:26022:13)\n    at dispatchAction (http://localhost:3000/static/js/1.chunk.js:20602:9)\n    at getPlanets (http://localhost:3000/static/js/main.chunk.js:650:5)",
                "diff": null
              },
              "uuid": "8c14a990-5911-40fe-97d7-add0fe4355ef",
              "parentUUID": "743aa095-6335-49cf-8b35-34891e046199",
              "isHook": false,
              "skipped": false
            }
          ],
          "suites": [],
          "passes": [],
          "failures": [
            "90dc81af-55a8-4e42-94d2-9077064ab500",
            "8c14a990-5911-40fe-97d7-add0fe4355ef"
          ],
          "pending": [],
          "skipped": [],
          "duration": 2379,
          "root": false,
          "rootEmpty": false,
          "_timeout": 2000
        }
      ],
      "passes": [],
      "failures": [],
      "pending": [],
      "skipped": [],
      "duration": 0,
      "root": true,
      "rootEmpty": true,
      "_timeout": 2000
    }
  ],
  "meta": {
    "mocha": {
      "version": "8.2.1"
    },
    "mochawesome": {
      "options": {
        "quiet": false,
        "reportFilename": "mochawesome",
        "saveHtml": false,
        "saveJson": true,
        "consoleReporter": "spec",
        "useInlineDiffs": false,
        "code": true
      },
      "version": "6.2.1"
    },
    "marge": {
      "options": {
        "id": "default",
        "reportDir": "cypress/reports",
        "overwrite": false,
        "html": false,
        "json": true
      },
      "version": "5.1.0"
    }
  }
}